0 info it worked if it ends with ok
1 verbose cli [ '/home/bluntworks/.nave/installed/7.1.0/bin/node',
1 verbose cli   '/home/bluntworks/.nave/installed/7.1.0/bin/npm',
1 verbose cli   'run',
1 verbose cli   'net' ]
2 info using npm@3.10.9
3 info using node@v7.1.0
4 verbose run-script [ 'prenet', 'net', 'postnet' ]
5 info lifecycle rx-play@1.0.0~prenet: rx-play@1.0.0
6 silly lifecycle rx-play@1.0.0~prenet: no script for prenet, continuing
7 info lifecycle rx-play@1.0.0~net: rx-play@1.0.0
8 verbose lifecycle rx-play@1.0.0~net: unsafe-perm in lifecycle true
9 verbose lifecycle rx-play@1.0.0~net: PATH: /home/bluntworks/.nave/installed/7.1.0/lib/node_modules/npm/bin/node-gyp-bin:/home/bluntworks/modules/rx-playground/node_modules/.bin:/usr/local/go/go/bin/:/home/bluntworks/.nave/installed/7.1.0/bin:/usr/local/go/go/bin/:/usr/local/go/go/bin/:/usr/local/sbin:/usr/local/bin:/usr/sbin:/usr/bin:/sbin:/bin:/usr/games:/usr/local/games
10 verbose lifecycle rx-play@1.0.0~net: CWD: /home/bluntworks/modules/rx-playground
11 silly lifecycle rx-play@1.0.0~net: Args: [ '-c', 'node ./examles/net.js' ]
12 silly lifecycle rx-play@1.0.0~net: Returned: code: 1  signal: null
13 info lifecycle rx-play@1.0.0~net: Failed to exec net script
14 verbose stack Error: rx-play@1.0.0 net: `node ./examles/net.js`
14 verbose stack Exit status 1
14 verbose stack     at EventEmitter.<anonymous> (/home/bluntworks/.nave/installed/7.1.0/lib/node_modules/npm/lib/utils/lifecycle.js:255:16)
14 verbose stack     at emitTwo (events.js:106:13)
14 verbose stack     at EventEmitter.emit (events.js:191:7)
14 verbose stack     at ChildProcess.<anonymous> (/home/bluntworks/.nave/installed/7.1.0/lib/node_modules/npm/lib/utils/spawn.js:40:14)
14 verbose stack     at emitTwo (events.js:106:13)
14 verbose stack     at ChildProcess.emit (events.js:191:7)
14 verbose stack     at maybeClose (internal/child_process.js:885:16)
14 verbose stack     at Process.ChildProcess._handle.onexit (internal/child_process.js:226:5)
15 verbose pkgid rx-play@1.0.0
16 verbose cwd /home/bluntworks/modules/rx-playground
17 error Linux 3.13.0-98-generic
18 error argv "/home/bluntworks/.nave/installed/7.1.0/bin/node" "/home/bluntworks/.nave/installed/7.1.0/bin/npm" "run" "net"
19 error node v7.1.0
20 error npm  v3.10.9
21 error code ELIFECYCLE
22 error rx-play@1.0.0 net: `node ./examles/net.js`
22 error Exit status 1
23 error Failed at the rx-play@1.0.0 net script 'node ./examles/net.js'.
23 error Make sure you have the latest version of node.js and npm installed.
23 error If you do, this is most likely a problem with the rx-play package,
23 error not with npm itself.
23 error Tell the author that this fails on your system:
23 error     node ./examles/net.js
23 error You can get information on how to open an issue for this project with:
23 error     npm bugs rx-play
23 error Or if that isn't available, you can get their info via:
23 error     npm owner ls rx-play
23 error There is likely additional logging output above.
24 verbose exit [ 1, true ]
